Mon Oct 17 2022 06:01:05 GMT-0300 (Horário Padrão de Brasília)	GET	/	undefined
Mon Oct 17 2022 06:01:05 GMT-0300 (Horário Padrão de Brasília)	GET	/favicon.ico	undefined
Mon Oct 17 2022 06:02:05 GMT-0300 (Horário Padrão de Brasília)	GET	/	undefined
Mon Oct 17 2022 06:02:05 GMT-0300 (Horário Padrão de Brasília)	GET	/static/js/main.3c9ba9ee.js	undefined
Mon Oct 17 2022 06:02:05 GMT-0300 (Horário Padrão de Brasília)	GET	/static/css/main.b4dd7aea.css	undefined
Mon Oct 17 2022 06:03:02 GMT-0300 (Horário Padrão de Brasília)	POST	/auth/login	http://localhost:8000
Mon Oct 17 2022 06:03:13 GMT-0300 (Horário Padrão de Brasília)	GET	/static/css/main.b4dd7aea.css	undefined
Mon Oct 17 2022 06:03:13 GMT-0300 (Horário Padrão de Brasília)	GET	/static/js/main.3c9ba9ee.js.map	undefined
Mon Oct 17 2022 06:03:13 GMT-0300 (Horário Padrão de Brasília)	GET	/static/css/main.b4dd7aea.css.map	undefined
Mon Oct 17 2022 06:03:32 GMT-0300 (Horário Padrão de Brasília)	GET	/login	undefined
Mon Oct 17 2022 06:03:32 GMT-0300 (Horário Padrão de Brasília)	GET	/static/js/main.3c9ba9ee.js	undefined
Mon Oct 17 2022 06:03:32 GMT-0300 (Horário Padrão de Brasília)	GET	/static/css/main.b4dd7aea.css	undefined
Mon Oct 17 2022 06:03:32 GMT-0300 (Horário Padrão de Brasília)	GET	/static/js/main.3c9ba9ee.js.map	undefined
Mon Oct 17 2022 06:03:32 GMT-0300 (Horário Padrão de Brasília)	GET	/static/css/main.b4dd7aea.css.map	undefined
Mon Oct 17 2022 06:03:53 GMT-0300 (Horário Padrão de Brasília)	POST	/auth/register	http://localhost:8000
Mon Oct 17 2022 06:03:53 GMT-0300 (Horário Padrão de Brasília)	GET	/notes	undefined
Mon Oct 17 2022 06:03:59 GMT-0300 (Horário Padrão de Brasília)	POST	/notes/create	http://localhost:8000
Mon Oct 17 2022 06:04:07 GMT-0300 (Horário Padrão de Brasília)	GET	/	undefined
Mon Oct 17 2022 06:04:07 GMT-0300 (Horário Padrão de Brasília)	GET	/static/js/main.3c9ba9ee.js	undefined
Mon Oct 17 2022 06:04:07 GMT-0300 (Horário Padrão de Brasília)	GET	/static/css/main.b4dd7aea.css	undefined
Mon Oct 17 2022 06:04:07 GMT-0300 (Horário Padrão de Brasília)	GET	/static/js/main.3c9ba9ee.js.map	undefined
Mon Oct 17 2022 06:04:07 GMT-0300 (Horário Padrão de Brasília)	GET	/static/css/main.b4dd7aea.css.map	undefined
Mon Oct 17 2022 06:04:07 GMT-0300 (Horário Padrão de Brasília)	GET	/notes	undefined
Mon Oct 17 2022 06:04:36 GMT-0300 (Horário Padrão de Brasília)	POST	/notes/create	http://localhost:8000
Mon Oct 17 2022 06:04:40 GMT-0300 (Horário Padrão de Brasília)	POST	/notes/create	http://localhost:8000
Mon Oct 17 2022 06:04:52 GMT-0300 (Horário Padrão de Brasília)	GET	/notes	undefined
Mon Oct 17 2022 06:05:02 GMT-0300 (Horário Padrão de Brasília)	POST	/auth/login	http://localhost:8000
Mon Oct 17 2022 06:05:03 GMT-0300 (Horário Padrão de Brasília)	GET	/notes	undefined
Mon Oct 17 2022 06:05:23 GMT-0300 (Horário Padrão de Brasília)	POST	/auth/register	http://localhost:8000
Mon Oct 17 2022 06:05:23 GMT-0300 (Horário Padrão de Brasília)	GET	/notes	undefined
Mon Oct 17 2022 06:05:49 GMT-0300 (Horário Padrão de Brasília)	POST	/notes/create	http://localhost:8000
Mon Oct 17 2022 06:06:01 GMT-0300 (Horário Padrão de Brasília)	POST	/auth/login	http://localhost:8000
Mon Oct 17 2022 06:06:01 GMT-0300 (Horário Padrão de Brasília)	GET	/notes	undefined
Mon Oct 17 2022 06:06:15 GMT-0300 (Horário Padrão de Brasília)	POST	/auth/login	http://localhost:8000
Mon Oct 17 2022 06:06:16 GMT-0300 (Horário Padrão de Brasília)	GET	/notes	undefined
Mon Oct 17 2022 06:07:05 GMT-0300 (Horário Padrão de Brasília)	POST	/auth/login	http://localhost:8000
Mon Oct 17 2022 06:07:52 GMT-0300 (Horário Padrão de Brasília)	GET	/login	undefined
Mon Oct 17 2022 06:07:52 GMT-0300 (Horário Padrão de Brasília)	GET	/static/js/main.3c9ba9ee.js	undefined
Mon Oct 17 2022 06:07:52 GMT-0300 (Horário Padrão de Brasília)	GET	/static/css/main.b4dd7aea.css	undefined
Mon Oct 17 2022 06:07:52 GMT-0300 (Horário Padrão de Brasília)	GET	/static/css/main.b4dd7aea.css.map	undefined
Mon Oct 17 2022 06:07:52 GMT-0300 (Horário Padrão de Brasília)	GET	/static/js/main.3c9ba9ee.js.map	undefined
Mon Oct 17 2022 06:12:59 GMT-0300 (Horário Padrão de Brasília)	POST	/auth/login	http://localhost:8000
Mon Oct 17 2022 06:13:15 GMT-0300 (Horário Padrão de Brasília)	GET	/login	undefined
Mon Oct 17 2022 06:13:15 GMT-0300 (Horário Padrão de Brasília)	GET	/static/js/main.3c9ba9ee.js	undefined
Mon Oct 17 2022 06:13:15 GMT-0300 (Horário Padrão de Brasília)	GET	/static/css/main.b4dd7aea.css	undefined
Mon Oct 17 2022 06:13:15 GMT-0300 (Horário Padrão de Brasília)	GET	/static/css/main.b4dd7aea.css.map	undefined
Mon Oct 17 2022 06:13:15 GMT-0300 (Horário Padrão de Brasília)	GET	/static/js/main.3c9ba9ee.js.map	undefined
